<?xml version="1.0" encoding="UTF-8"?>
<!-- Generated by org.testng.reporters.JUnitReportReporter -->
<testsuite hostname="Sagar" failures="0" tests="5" name="test.SeleniumFrameWork.LoginTests" time="77.635" errors="0" timestamp="2024-02-21T00:59:55 IST" skipped="0">
  <testcase classname="test.SeleniumFrameWork.LoginTests" name="clickOnLogin4" time="16.879"/>
  <testcase classname="test.SeleniumFrameWork.LoginTests" name="clickOnLogin" time="17.561"/>
  <testcase classname="test.SeleniumFrameWork.LoginTests" name="clickOnLogin3" time="14.617"/>
  <testcase classname="test.SeleniumFrameWork.LoginTests" name="clickOnLogin5" time="13.799"/>
  <testcase classname="test.SeleniumFrameWork.LoginTests" name="clickOnLogin2" time="14.779"/>
</testsuite> <!-- test.SeleniumFrameWork.LoginTests -->
